<?xml version="1.0" encoding="UTF-8"?>
<!-- Generated by org.testng.reporters.JUnitXMLReporter -->
<testsuite hostname="DESKTOP-2Q7G472" ignored="0" name="Default test" tests="2" failures="0" timestamp="2021-04-04T11:54:36 IST" time="115.318" errors="0">
  <testcase name="verify_clickOnContinueAsGuest" time="21.203" classname="com.Delivery.testpages.DeliveryAddress"/>
  <testcase name="verify_next" time="0.064" classname="com.Delivery.testpages.DeliveryAddress"/>
</testsuite> <!-- Default test -->
