<?xml version="1.0" encoding="UTF-8"?>
<!-- Generated by org.testng.reporters.JUnitXMLReporter -->
<testsuite hostname="DESKTOP-2Q7G472" ignored="0" name="Default test" tests="3" failures="0" timestamp="2021-03-29T18:13:53 IST" time="52.217" errors="0">
  <testcase name="verify_clickOnBrowse_Menu" time="15.437" classname="com.weborder.testpages.LoginPageScreenTest"/>
  <testcase name="verify_clickOnLogin" time="0.359" classname="com.weborder.testpages.LoginPageScreenTest"/>
  <testcase name="verify_clickOnLogincreds" time="2.022" classname="com.weborder.testpages.LoginPageScreenTest"/>
</testsuite> <!-- Default test -->
