<?xml version="1.0" encoding="UTF-8"?>
<testng-results skipped="0" failed="0" ignored="0" total="2" passed="2">
  <reporter-output>
  </reporter-output>
  <suite name="Default suite" duration-ms="115318" started-at="2021-04-04T11:52:40 IST" finished-at="2021-04-04T11:54:36 IST">
    <groups>
    </groups>
    <test name="Default test" duration-ms="115318" started-at="2021-04-04T11:52:40 IST" finished-at="2021-04-04T11:54:36 IST">
      <class name="com.Delivery.testpages.DeliveryAddress">
        <test-method status="PASS" signature="Browserinit()[pri:0, instance:com.Delivery.testpages.DeliveryAddress@60285225]" name="Browserinit" is-config="true" duration-ms="93904" started-at="2021-04-04T11:52:40 IST" finished-at="2021-04-04T11:54:14 IST">
          <reporter-output>
          </reporter-output>
        </test-method> <!-- Browserinit -->
        <test-method status="PASS" signature="verify_clickOnContinueAsGuest()[pri:1, instance:com.Delivery.testpages.DeliveryAddress@60285225]" name="verify_clickOnContinueAsGuest" duration-ms="21203" started-at="2021-04-04T11:54:14 IST" finished-at="2021-04-04T11:54:36 IST">
          <reporter-output>
          </reporter-output>
        </test-method> <!-- verify_clickOnContinueAsGuest -->
        <test-method status="PASS" signature="verify_next()[pri:2, instance:com.Delivery.testpages.DeliveryAddress@60285225]" name="verify_next" duration-ms="64" started-at="2021-04-04T11:54:36 IST" finished-at="2021-04-04T11:54:36 IST">
          <reporter-output>
          </reporter-output>
        </test-method> <!-- verify_next -->
      </class> <!-- com.Delivery.testpages.DeliveryAddress -->
    </test> <!-- Default test -->
  </suite> <!-- Default suite -->
</testng-results>
